<?xml version="1.0" encoding="UTF-8"?>
<!-- Generated by org.testng.reporters.JUnitReportReporter -->
<testsuite hostname="LTIN521053" failures="0" tests="1" name="testCase.TC_017_CarHomePage" time="9.124" errors="0" timestamp="2024-04-04T16:54:14 IST" skipped="0">
  <testcase classname="testCase.TC_017_CarHomePage" name="CarHome" time="9.124"/>
</testsuite> <!-- testCase.TC_017_CarHomePage -->
